<?xml version="1.0" encoding="UTF-8"?>
<!-- Generated by org.testng.reporters.JUnitReportReporter -->
<testsuite skipped="0" hostname="CSCVIEAE746687" name="automationFramework.TestNG.TestNG01" tests="1" failures="0" timestamp="11 Dec 2017 06:30:16 GMT" time="23.261" errors="0">
  <testcase name="testCase01" time="23.261" classname="automationFramework.TestNG.TestNG01"/>
</testsuite> <!-- automationFramework.TestNG.TestNG01 -->
